*WEATHER LIST

@#   FILENAME EXT SITE NAME.................  LAT.....  LONG.... ELEV.  TAV.. TAMP..
   1 ALCL5601 WTH Clanton, Alabama             32.480  -86.380   185  16.5  10.3  1.
   2 ALCL5699 WTH Clanton, Alabama             32.480  -86.380   185  16.5  10.3  1.
   3 ALCL5701 WTH Clanton, Alabama             32.480  -86.380   185  16.5  10.3  1.
   4 ALCL5799 WTH Clanton, Alabama             32.480  -86.380   185  16.5  10.3  1.
   5 ALCL5801 WTH Clanton, Alabama             32.480  -86.380   185  16.5  10.3  1.
   6 ALCL5899 WTH Clanton, Alabama             32.480  -86.380   185  16.5  10.3  1.
   7 ALCL5901 WTH Clanton, Alabama             32.480  -86.380   185  16.5  10.3  1.
   8 ALCL5999 WTH Clanton, Alabama             32.480  -86.380   185  16.5  10.3  1.
   9 ALLU6101 WTH allu                         40.940   19.690     0   0.0   0.0   0
  10 ALLU6201 WTH allu                         40.940   19.690     0   0.0   0.0   0
  11 ALLU6301 WTH allu                         40.940   19.690     0   0.0   0.0   0
  12 ALLU6401 WTH allu                         40.940   19.690     0   0.0   0.0   0
  13 ALLU6501 WTH allu                         40.940   19.690     0   0.0   0.0   0
  14 ALLU6601 WTH allu                         40.940   19.690     0   0.0   0.0   0
  15 ALLU6701 WTH allu                         40.940   19.690     0   0.0   0.0   0
  16 ALLU6801 WTH allu                         40.940   19.690     0   0.0   0.0   0
  17 ALLU6901 WTH allu                         40.940   19.690     0   0.0   0.0   0
  18 ALLU7001 WTH allu                         40.940   19.690     0   0.0   0.0   0
  19 ALLU7101 WTH allu                         40.940   19.690     0   0.0   0.0   0
  20 ALLU7201 WTH allu                         40.940   19.690     0   0.0   0.0   0
  21 ALLU7301 WTH allu                         40.940   19.690     0   0.0   0.0   0
  22 ALLU7401 WTH allu                         40.940   19.690     0   0.0   0.0   0
  23 ALLU7501 WTH ALLU                         40.940   19.690     0   0.0   0.0   0
  24 ALLU7601 WTH ALLU                         40.940   19.690     0   0.0   0.0   0
  25 ALLU7701 WTH ALLU                         40.940   19.690     0   0.0   0.0   0
  26 ALLU7801 WTH ALLU                         40.940   19.690     0   0.0   0.0   0
  27 ALLU7901 WTH ALLU                         40.940   19.690     0   0.0   0.0   0
  28 ALLU8001 WTH ALLU                         40.940   19.690     0   0.0   0.0   0
  29 ALLU8101 WTH allu                         40.940   19.690     0   0.0   0.0   0
  30 ALLU8201 WTH allu                         40.940   19.690     0   0.0   0.0   0
  31 ALLU8301 WTH allu                         40.940   19.690     0   0.0   0.0   0
  32 ALLU8401 WTH allu                         40.940   19.690     0   0.0   0.0   0
  33 AMES8201 WTH Ames,IA                      42.000   93.770   320   8.3  16.7   2
  34 AMES8301 WTH Ames,IA                      42.000   93.770   320   9.2  15.8   2
  35 AMES8401 WTH Ames,IA                      42.000   93.770   320   9.4  15.6   2
  36 AMES8501 WTH Ames,IA                      42.000   93.770   320   8.4  16.6   2
  37 AMES8601 WTH Ames,IA                      42.000   93.770   320   9.9  15.1   2
  38 AMES8701 WTH Ames,IA                      42.000   93.770   320  11.4  14.6   2
  39 AMES8801 WTH ISU Agronomy Farm            42.000   93.770   320  10.2  14.8   2
  40 AMES8901 WTH ISU Agronomy Farm            42.000   93.770   320   8.8  16.2   2
  41 AMES9001 WTH Ames,Iowa,USA                 42.00    93.50   320  10.3  14.7   2
  42 AMES9101 WTH I.S.U. Johnson Farm, Stor    42.000   93.770   320  12.8  12.2  1.
  43 AMES9201 WTH I.S.U. Johnson Farm, Stor    42.000   93.770   320  13.3  14.7  1.
  44 AMES9301 WTH I.S.U. Johnson Farm, Stor    42.000   93.770   320   9.8  14.2  1.
  45 AMES9401 WTH I.S.U. Johnson Farm, Stor    42.000   93.770   320  10.9  14.1  1.
  46 AMES9501 WTH Ames,IA                      42.000   93.770   320   8.8  17.0   2
  47 AMES9601 WTH Ames,IA                      42.000   93.770   320  11.0  16.0   2
  48 ANBE8701 WTH Beerwah                     -27.500  151.000     0  26.1   1.7 -99
  49 ANBE8801 WTH Beerwah                     -27.500  151.000     0  26.1   1.7 -99
  50 ANBE8901 WTH Beerwah                     -27.500  151.000     0  26.1   1.7 -99
  51 ANBE9001 WTH Beerwah                     -27.500  151.000     0  26.1   1.7 -99
  52 ANGU7801 WTH Anguededou, Cote d'Ivoire     5.380   -4.280     0  26.1   1.7 -99
  53 ANGU7901 WTH Anguededou, Cote d'Ivoire     5.380   -4.280     0  26.1   1.7 -99
  54 ANGU8001 WTH Anguededou, Cote d'Ivoire     5.380   -4.280     0  26.1   1.7 -99
  55 ANGU8101 WTH Anguededou, Cote d'Ivoire     5.380   -4.280     0  26.1   1.7 -99
  56 ANGU8201 WTH Anguededou, Cote d'Ivoire     5.380   -4.280     0  26.1   1.7 -99
  57 ANGU8301 WTH Anguededou, Cote d'Ivoire     5.380   -4.280     0  26.1   1.7 -99
  58 ANGU8401 WTH Anguededou, Cote d'Ivoire     5.380   -4.280     0  26.1   1.7 -99
  59 ANGU8501 WTH Anguededou, Cote d'Ivoire     5.380   -4.280     0  26.1   1.7 -99
  60 ANGU8601 WTH Anguededou, Cote d'Ivoire     5.380   -4.280     0  26.1   1.7 -99
  61 ANGU8701 WTH Anguededou, Cote d'Ivoire     5.380   -4.280     0  26.1   1.7 -99
  62 ANGU8801 WTH Anguededou, Cote d'Ivoire     5.380   -4.280     0  26.1   1.7 -99
  63 ANGU8901 WTH Anguededou, Cote d'Ivoire     5.380   -4.280     0  26.1   1.7 -99
  64 ANGU9001 WTH Anguededou, Cote d'Ivoire     5.380   -4.280     0  26.1   1.7 -99
  65 ANGU9101 WTH Anguededou, Cote d'Ivoire     5.380   -4.280     0  26.1   1.7 -99
  66 AUCB7001 WTH AUCB                         -35.00   149.00     0  17.0   7.0   -
  67 AZMC8901 WTH Maricopa, AZ                 35.068 -111.969   361  18.1  11.5  2.
  68 BRJD7501 WTH GAZIPUR                       0.000    0.000     0  25.6   9.8 -99
  69 BRJD7601 WTH GAZIPUR                       0.000    0.000     0  25.6   9.8 -99
  70 BRJD7701 WTH GAZIPUR                       0.000    0.000     0  25.6   9.8 -99
  71 BRJD7801 WTH GAZIPUR                       0.000    0.000     0  25.6   9.8 -99
  72 BRJD7901 WTH GAZIPUR                       0.000    0.000     0  25.6   9.8 -99
  73 BRJD8001 WTH GAZIPUR                       0.000    0.000     0  25.6   9.8 -99
  74 BRJD8101 WTH GAZIPUR                       0.000    0.000     0  25.6   9.8 -99
  75 BRJD8201 WTH GAZIPUR                       0.000    0.000     0  25.6   9.8 -99
  76 BRJD8301 WTH GAZIPUR                       0.000    0.000     0  25.6   9.8 -99
  77 BRJD8401 WTH GAZIPUR                       0.000    0.000     0  25.6   9.8 -99
  78 BRJD8501 WTH GAZIPUR                       0.000    0.000     0  25.6   9.8 -99
  79 BRJD8601 WTH GAZIPUR                       0.000    0.000     0  25.6   9.8 -99
  80 BRJD8701 WTH GAZIPUR                       0.000    0.000     0  25.6   9.8 -99
  81 BRJD8801 WTH GAZIPUR                       0.000    0.000     0  25.6   9.8 -99
  82 BRJD8901 WTH GAZIPUR                       0.000    0.000     0  25.6   9.8 -99
  83 BRJD9001 WTH GAZIPUR                       0.000    0.000     0  25.6   9.8 -99
  84 BRJD9101 WTH GAZIPUR                       0.000    0.000     0  25.6   9.8 -99
  85 BRJD9201 WTH GAZIPUR                       0.000    0.000     0  25.6   9.8 -99
  86 BRJD9301 WTH GAZIPUR                       0.000    0.000     0  25.6   9.8 -99
  87 BRJD9401 WTH GAZIPUR                       0.000    0.000     0  25.6   9.8 -99
  88 BRJD9501 WTH GAZIPUR                       0.000    0.000     0  25.6   9.8 -99
  89 BRPI0201 WTH Piracicaba, SP. Brazil      -22.430  -47.250   580  21.6   7.2 -99
  90 BRRI9801 WTH BRRI_jOYEDBPUR               24.000   92.230     8  26.0   8.5   2
  91 CBAN8401 WTH Antioquia,ElNus,Colombia      6.483  -74.820   835  22.7   0.4   0
  92 CBAN8501 WTH Antioquia,ElNus,Colombia      6.483  -74.820   835  22.7   0.4   0
  93 CBAN8601 WTH Antioquia,ElNus,Colombia      6.483  -74.820   835  22.7   0.4   0
  94 CCCA7801 WTH Carimagua,Colombia            4.610  -71.310   200  26.7   8.8   0
  95 CCCA7901 WTH Carimagua,Colombia            4.610  -71.310   200  26.7   8.8   0
  96 CCCA8001 WTH Carimagua,Colombia            4.610  -71.310   200  26.7   8.8   0
  97 CCCA8101 WTH Carimagua,Colombia            4.610  -71.310   200  26.7   8.8   0
  98 CCCA8201 WTH Carimagua,Colombia            4.610  -71.310   200  26.7   8.8   0
  99 CCCA8301 WTH Carimagua,Colombia            4.610  -71.310   200  26.7   8.8   0
 100 CCCA9201 WTH CIAT-CARIMAGUA-COLOMBIA       4.610  -71.310   180  26.6   8.8   0
 101 CCCA9301 WTH CIAT-CARIMAGUA-COLOMBIA       4.620  -71.310   180  26.6   8.8   0
 102 CCCA9401 WTH CIAT-CARIMAGUA-COLOMBIA       4.620  -71.312   180  26.6   8.8   0
 103 CCCA9501 WTH CIAT-CARIMAGUA-COLOMBIA       4.610  -71.312   180  26.6   8.8   0
 104 CCCA9601 WTH CIAT-CARIMAGUA-COLOMBIA       4.610  -71.312   180  26.6   8.8   0
 105 CCCA9701 WTH CIAT-CARIMAGUA-COLOMBIA       4.620  -71.312   180  26.6   8.8   0
 106 CCCA9801 WTH CIAT-CARIMAGUA-COLOMBIA       4.620  -71.320   180  26.6   8.8   0
 107 CCCE9501 WTH CURLA ES                     15.730  -86.870    26  25.8   3.7 -99
 108 CCPA7801 WTH Palmira,Valle,Colombia        3.480  -76.350   965  24.3  10.3   0
 109 CCPA7901 WTH Palmira,Valle,Colombia        3.480  -76.350   965  24.3  10.3   0
 110 CCPA8001 WTH Palmira,Valle,Colombia        3.480  -76.350   965  24.3  10.3   0
 111 CCPA8101 WTH Palmira,Valle,Colombia        3.480  -76.350   965  24.3  10.3   0
 112 CCPA8201 WTH Palmira,Valle,Colombia        3.480  -76.350   965  24.3  10.3   0
 113 CCPA8301 WTH Palmira,Valle,Colombia        3.480  -76.350   965  24.3  10.3   0
 114 CCPA8401 WTH Palmira,Valle,Colombia        3.480  -76.350   965  24.3  10.3   0
 115 CCPA8501 WTH Palmira,Valle,Colombia        3.480  -76.350   965  24.3  10.3   0
 116 CCPA8601 WTH Palmira,Valle,Colombia        3.480  -76.350   965  24.3  10.3   0
 117 CCPA8701 WTH Palmira,Valle,Colombia        3.480  -76.350   965  24.3  10.3   0
 118 CCPA8801 WTH Palmira,Valle,Colombia        3.480  -76.350   965  24.3  10.3   0
 119 CCPA8901 WTH Palmira,Valle,Colombia        3.480  -76.350   965  24.3  10.3   0
 120 CCPA9001 WTH Palmira,Valle,Colombia        3.480  -76.350   965  24.3  10.3   0
 121 CCPA9101 WTH Palmira,Valle,Colombia        3.480  -76.350   965  24.3  10.3   0
 122 CCPA9201 WTH Palmira,Valle,Colombia        3.480  -76.350   965  24.3  10.3   0
 123 CCPA9301 WTH Palmira,Valle,Colombia        3.480  -76.350   965  24.3  10.3   0
 124 CCPA9401 WTH Palmira,Valle,Colombia        3.480  -76.350   965  24.3  10.3   0
 125 CCPA9501 WTH Palmira,Valle,Colombia        3.480  -76.350   965  24.3  10.3   0
 126 CCPA9601 WTH Palmira,Valle,Colombia        3.480  -76.350   965  24.3  10.3   0
 127 CCPA9701 WTH Palmira,Valle,Colombia        3.480  -76.350   965  24.3  10.3   0
 128 CCPA9801 WTH Palmira,Valle,Colombia        3.480  -76.350   965  24.3  10.3   0
 129 CCPM9701 WTH CIAT,Palmira,Valle,Colo.      3.480  -76.350   965  24.3   0.5  0.
 130 CCPO9001 WTH CIAT,POPAYAN,COLOMBIA         2.200  -76.390   990  23.7   0.5   0
 131 CCQU7901 WTH Quilichao,Colombia            3.080  -76.500   990  23.7  10.9   0
 132 CCQU8001 WTH Quilichao,Colombia            3.080  -76.500   990  23.7  10.9   0
 133 CCQU8101 WTH Quilichao,Colombia            3.080  -76.500   990  23.7  10.9   0
 134 CCQU8201 WTH Quilichao,Colombia            3.080  -76.500   990  23.7  10.9   0
 135 CCQU8301 WTH Quilichao,Colombia            3.080  -76.500   990  23.7  10.9   0
 136 CCQU8401 WTH Quilichao,Colombia            3.080  -76.500   990  23.7  10.9   0
 137 CCQU8501 WTH Quilichao,Colombia            3.080  -76.500   990  23.7  10.9   0
 138 CCQU8601 WTH Quilichao,Colombia            3.080  -76.500   990  24.0  10.9   0
 139 CCQU8701 WTH Quilichao,Colombia            3.080  -76.500   990  24.0  10.9  0.
 140 CCYU8001 WTH Yurimaguas,Per£              -5.933  -76.083   184  25.9   0.7   0
 141 CCYU8101 WTH Yurimaguas,Per£              -5.933  -76.083   184  25.9   0.7   0
 142 CCYU8201 WTH Yurimaguas,Per£              -5.933  -76.083   184  25.9   0.7   0
 143 CCYU8301 WTH Yurimaguas,Per£              -5.933  -76.083   184  25.9   0.7   0
 144 CCYU8401 WTH Yurimaguas,Per£              -5.933  -76.083   184  25.9   0.7   0
 145 CIEB9701 WTH CIMMYT El Batan Station      19.310  -98.500  2200  16.0   7.9 -99
 146 CIEB9801 WTH CIMMYT El Batan Station      19.310  -98.500  2200  16.0   7.9 -99
 147 CIEB9803 WTH CIMMYTElBatanStation, Fal    19.310  -98.500  2200  16.0   7.9 -99
 148 CIEB9804 WTH CIMMYT ElBatanStation,       19.310  -98.500  2200  16.0   7.9 -99
 149 CIML9601 WTH Chitedzi Malawi             -13.590   33.380  1149  21.2   6.4 -99
 150 CIML9701 WTH ChitedziMalawi              -13.590   33.380  1149  21.2   6.4 -99
 151 CISR9701 WTH SantaRosa Original data C    18.307  -95.117   600  24.7   5.1 -99
 152 CITL9701 WTH CIMMYT,Tlaltizapan,Moreli    18.680  -99.137   900  25.4   8.0  0.
 153 CITL9899 WTH CIMMYT,Tlaltizapan,Moreli    18.680  -99.137   900  25.4   8.0  0.
 154 CLMO8501 WTH MORRIS,MINNESOTA,USA          45.56   -95.67                      
 155 CNCH8101 WTH Chinchina,Colombia            4.960  -75.700  1360  22.1   0.8   0
 156 CNCH8201 WTH Chinchina,Colombia            4.960  -75.700  1360  22.1   0.8   0
 157 CNCH8301 WTH Chinchina,Colombia            4.960  -75.700  1360  22.1   0.8   0
 158 CNCH8401 WTH Chinchina,Colombia            4.960  -75.700  1360  22.1   0.8   0
 159 CNPE0001 WTH PERGAMINO                   -33.929  -60.549    70  16.6   6.7 -99
 160 CNPE0101 WTH PERGAMINO                   -33.929  -60.549    70  16.6   6.7 -99
 161 CNPE0201 WTH PERGAMINO                   -33.929  -60.549    70  16.6   6.7 -99
 162 CNPE0301 WTH PERGAMINO                   -33.929  -60.549    70  16.6   6.7 -99
 163 CNPE0401 WTH PERGAMINO                   -33.929  -60.549    70  16.6   6.7 -99
 164 CNPE0501 WTH PERGAMINO                   -33.929  -60.549    70  16.6   6.7 -99
 165 CNPE0601 WTH PERGAMINO                   -33.929  -60.549    70  16.6   6.7 -99
 166 CNPE0701 WTH PERGAMINO                   -33.929  -60.549    70  16.6   6.7 -99
 167 CNPE6701 WTH PERGAMINO                   -33.929  -60.549    70  16.6   6.7 -99
 168 CNPE6801 WTH PERGAMINO                   -33.929  -60.549    70  16.6   6.7 -99
 169 CNPE6901 WTH PERGAMINO                   -33.929  -60.549    70  16.6   6.7 -99
 170 CNPE7001 WTH PERGAMINO                   -33.929  -60.549    70  16.6   6.7 -99
 171 CNPE7101 WTH PERGAMINO                   -33.929  -60.549    70  16.6   6.7 -99
 172 CNPE7201 WTH PERGAMINO                   -33.929  -60.549    70  16.6   6.7 -99
 173 CNPE7301 WTH PERGAMINO                   -33.929  -60.549    70  16.6   6.7 -99
 174 CNPE7401 WTH PERGAMINO                   -33.929  -60.549    70  16.6   6.7 -99
 175 CNPE7501 WTH PERGAMINO                   -33.929  -60.549    70  16.6   6.7 -99
 176 CNPE7601 WTH PERGAMINO                   -33.929  -60.549    70  16.6   6.7 -99
 177 CNPE7701 WTH PERGAMINO                   -33.929  -60.549    70  16.6   6.7 -99
 178 CNPE7801 WTH PERGAMINO                   -33.929  -60.549    70  16.6   6.7 -99
 179 CNPE7901 WTH PERGAMINO                   -33.929  -60.549    70  16.6   6.7 -99
 180 CNPE8001 WTH PERGAMINO                   -33.929  -60.549    70  16.6   6.7 -99
 181 CNPE8101 WTH PERGAMINO                   -33.929  -60.549    70  16.6   6.7 -99
 182 CNPE8201 WTH PERGAMINO                   -33.929  -60.549    70  16.6   6.7 -99
 183 CNPE8301 WTH PERGAMINO                   -33.929  -60.549    70  16.6   6.7 -99
 184 CNPE8401 WTH PERGAMINO                   -33.929  -60.549    70  16.6   6.7 -99
 185 CNPE8501 WTH PERGAMINO                   -33.929  -60.549    70  16.6   6.7 -99
 186 CNPE8601 WTH PERGAMINO                   -33.929  -60.549    70  16.6   6.7 -99
 187 CNPE8701 WTH PERGAMINO                   -33.929  -60.549    70  16.6   6.7 -99
 188 CNPE8801 WTH PERGAMINO                   -33.929  -60.549    70  16.6   6.7 -99
 189 CNPE8901 WTH PERGAMINO                   -33.929  -60.549    70  16.6   6.7 -99
 190 CNPE9001 WTH PERGAMINO                   -33.929  -60.549    70  16.6   6.7 -99
 191 CNPE9101 WTH PERGAMINO                   -33.929  -60.549    70  16.6   6.7 -99
 192 CNPE9201 WTH PERGAMINO                   -33.929  -60.549    70  16.6   6.7 -99
 193 CNPE9301 WTH PERGAMINO                   -33.929  -60.549    70  16.6   6.7 -99
 194 CNPE9401 WTH PERGAMINO                   -33.929  -60.549    70  16.6   6.7 -99
 195 CNPE9501 WTH PERGAMINO                   -33.929  -60.549    70  16.6   6.7 -99
 196 CNPE9601 WTH PERGAMINO                   -33.929  -60.549    70  16.6   6.7 -99
 197 CNPE9701 WTH PERGAMINO                   -33.929  -60.549    70  16.6   6.7 -99
 198 CNPE9801 WTH PERGAMINO                   -33.929  -60.549    70  16.6   6.7 -99
 199 CNPE9901 WTH PERGAMINO                   -33.929  -60.549    70  16.6   6.7 -99
 200 CNSA0501 WTH Colombia - CENICAÑA San A     3.362  -76.302  1020  24.0   0.5   2
 201 CNSA0601 WTH Colombia - CENICAÑA San A     3.362  -76.302  1020  24.0   0.5   2
 202 CNSA0701 WTH Colombia - CENICAÑA San A     3.362  -76.302  1020  24.0   0.5   2
 203 CNSA0801 WTH Colombia - CENICAÑA San A     3.362  -76.302  1020  24.0   0.5   2
 204 COPA6601 WTH Palmira_Colombia              3.480  -76.370   965  24.0   0.5  0.
 205 COPA6701 WTH Palmira_Colombia              3.480  -76.370   965  24.0   0.5  0.
 206 COPA6801 WTH Palmira_Colombia              3.480  -76.370   965  24.0   0.5  0.
 207 COPA6901 WTH Palmira_Colombia              3.480  -76.370   965  24.0   0.5  0.
 208 COPA7001 WTH Palmira_Colombia              3.480  -76.370   965  24.0   0.5  0.
 209 COPA7101 WTH Palmira_Colombia              3.480  -76.370   965  24.0   0.5  0.
 210 COPA7201 WTH Palmira_Colombia              3.480  -76.370   965  24.0   0.5  0.
 211 COPA7301 WTH Palmira_Colombia              3.480  -76.370   965  24.0   0.5  0.
 212 COPA7401 WTH Palmira_Colombia              3.480  -76.370   965  24.0   0.5  0.
 213 COPA7501 WTH Palmira_Colombia              3.480  -76.370   965  24.0   0.5  0.
 214 COPA7601 WTH Palmira_Colombia              3.480  -76.370   965  24.0   0.5  0.
 215 COPA7701 WTH Palmira_Colombia              3.480  -76.370   965  24.0   0.5  0.
 216 COPA7801 WTH Palmira_Colombia              3.480  -76.370   965  24.0   0.5  0.
 217 COPA7901 WTH Palmira_Colombia              3.480  -76.370   965  24.0   0.5  0.
 218 COPA8001 WTH Palmira_Colombia              3.480  -76.370   965  24.0   0.5  0.
 219 COPA8101 WTH Palmira_Colombia              3.480  -76.370   965  24.0   0.5  0.
 220 COPA8201 WTH Palmira_Colombia              3.480  -76.370   965  24.0   0.5  0.
 221 COPA8301 WTH Palmira_Colombia              3.480  -76.370   965  24.0   0.5  0.
 222 COPA8401 WTH Palmira_Colombia              3.480  -76.370   965  24.0   0.5  0.
 223 CORD8601 WTH Cordoba,Spain                38.000    4.000    90  17.7   8.8   1
 224 CORD8701 WTH Cordoba,Spain                38.000    4.000    90  17.7   8.8   1
 225 CORD8801 WTH Cordoba,Spain                38.000    4.000    90  17.7   8.8   1
 226 CPTB9401 WTH CardenasTabascoMexico        18.000  -93.580    12  26.3   5.0 -99
 227 CPTB9501 WTH CardenasTabascoMexico        18.000  -93.580    12  26.3   5.0 -99
 228 CSKA7102 WTH CSIRO,Katherine,N.T.,Aust    -14.50   132.50   -99   -99   -99   -
 229 CSKU8201 WTH Kunnunurra,Australia         -15.39   128.43   -99   -99   -99   -
 230 DTCM6301 WTH dtcm                         19.010   99.010     0   0.0  11.8   0
 231 DTCM6401 WTH dtcm                         19.010   99.010     0   0.0  11.8   0
 232 DTCM6501 WTH dtcm                         19.010   99.010     0   0.0  11.8   0
 233 DTCM6601 WTH dtcm                         19.010   99.010     0   0.0  11.8   0
 234 DTCM6701 WTH dtcm                         19.010   99.010     0   0.0  11.8   0
 235 DTCM6801 WTH dtcm                         19.010   99.010     0   0.0  11.8   0
 236 DTCM6901 WTH dtcm                         19.010   99.010     0   0.0  11.8   0
 237 DTCM7001 WTH dtcm                         19.010   99.010     0   0.0  11.8   0
 238 DTCM7101 WTH dtcm                         19.010   99.010     0   0.0  11.8   0
 239 DTCM7201 WTH dtcm                         19.010   99.010     0   0.0  11.8   0
 240 DTCM7301 WTH dtcm                         19.010   99.010     0   0.0  11.8   0
 241 DTCM7401 WTH dtcm                         19.010   99.010     0   0.0  11.8   0
 242 DTCM7501 WTH dtcm                         19.010   99.010     0   0.0  11.8   0
 243 DTCM7601 WTH dtcm                         19.010   99.010     0   0.0  11.8   0
 244 DTCM7701 WTH dtcm                         19.010   99.010     0   0.0  11.8   0
 245 DTCM7801 WTH dtcm                         19.010   99.010     0   0.0  11.8   0
 246 DTSP8501 WTH SUPHEN_BURI,THAILAND         14.470   100.10   -99  28.0   5.0   -
 247 EBCH8301 WTH CPAC-EMBRAPA_CHAPADA_PLAN   -15.590  -47.700  1145  21.1   6.0 -99
 248 EBCH8401 WTH CPAC-EMBRAPA_CHAPADA_PLAN   -15.590  -47.700  1145  21.1   1.6 -99
 249 EBCH8501 WTH CPAC-EMBRAPA_CHAPADA_PLAN   -15.590  -47.700  1145  21.1   1.6 -99
 250 EBCH8601 WTH CPAC-EMBRAPA_CHAPADA_PLAN   -15.590  -47.700  1145  21.1   1.6 -99
 251 EBCH8701 WTH CPAC-EMBRAPA_CHAPADA_PLAN   -15.590  -47.700  1145  21.1   1.6 -99
 252 EBCH8801 WTH CPAC-EMBRAPA_CHAPADA_PLAN   -15.590  -47.700  1145  21.1   1.6 -99
 253 EBGO8701 WTH CNPAF,GOIANIA,BRAZIL         -16.38   -49.13   -99   -99   -99   -
 254 EBPL8601 WTH CPAC-EMBRAPA_MAIN_PLANALT   -15.590  -47.710  1000  21.9   5.0 -99
 255 EBPL8701 WTH CPAC-EMBRAPA_MAIN_PLANALT   -15.590  -47.710  1000  21.9   6.0 -99
 256 EN019801 WTH ENVIROTRON CHAMBERS 1&2      00.000  -84.284  299.    .0    .0   2
 257 EN039801 WTH ENVIROTRON CHAMBERS 3&4      00.000  -84.284  299.    .0    .0   2
 258 EN059801 WTH ENVIROTRON CHAMBERS 5&6      00.000  -84.284  299.    .0    .0   2
 259 FASH9702 WTH FasholaNigeria                7.900    3.770   230  26.9   2.2 -99
 260 FIBR1986 WTH FIBR1986                     45.700   25.530   534       -99.0    
 261 FIBR1987 WTH FIBR1987                     45.700   25.530   534       -99.0    
 262 FIBR1988 WTH FIBR1988                     45.700   25.530   534       -99.0    
 263 FIBR1989 WTH FIBR1989                     45.700   25.530   534       -99.0    
 264 FIBR1990 WTH FIBR1990                     45.700   25.530   534       -99.0    
 265 FIBR1991 WTH FIBR1991                     45.700   25.530   534       -99.0    
 266 FIBR1992 WTH FIBR1992                     45.700   25.530   534       -99.0    
 267 FIBR1993 WTH FIBR1993                     45.700   25.530   534       -99.0    
 268 FIBR8601 WTH Brasov_Romania               45.700   25.530   534   7.9  13.5 -99
 269 FIBR8701 WTH Brasov_Romania               45.700   25.530   534   7.9  13.5 -99
 270 FIBR8801 WTH Brasov_Romania               45.700   25.530   534   7.9  13.5 -99
 271 FIBR8901 WTH Brasov_Romania               45.700   25.530   534   7.9  13.5 -99
 272 FIBR9001 WTH Brasov_Romania               45.700   25.530   534   7.9  13.5 -99
 273 FIBR9101 WTH Brasov_Romania               45.700   25.530   534   7.9  13.5 -99
 274 FIBR9201 WTH Brasov_Romania               45.700   25.530   534   7.9  13.5 -99
 275 FIBR9301 WTH Brasov_Romania               45.700   25.530   534   7.9  13.5 -99
 276 FLMI5301 WTH Milton_Expt.Stn.,Florida     30.780  -87.130    67  19.8   8.2  1.
 277 FLMI5401 WTH Milton_Expt.Stn.,Florida     30.780  -87.130    67  19.8   8.2  1.
 278 FLMI5501 WTH Milton_Expt.Stn.,Florida     30.780  -87.130    67  19.8   8.2  1.
 279 FLSC8101 WTH Florence, South Carolina       34.0   -100.0     0 -99.0 -99.0    
 280 GAAL0001 WTH Alma,Georgia,USA             31.560  -82.510    60  19.2  12.7   2
 281 GAAL0101 WTH Alma,Georgia,USA             31.560  -82.510    60  19.2  12.7   2
 282 GAAL0201 WTH Alma,Georgia,USA             31.560  -82.510    60  19.2  12.7   2
 283 GAAL0301 WTH Alma,Georgia,USA             31.560  -82.510    60  19.2  12.7   2
 284 GAAL9301 WTH Alma,Georgia,USA             31.560  -82.510    60  19.2  12.7   2
 285 GAAL9401 WTH Alma,Georgia,USA             31.560  -82.510    60  19.2  12.7   2
 286 GAAL9501 WTH Alma,Georgia,USA             31.560  -82.510    60  19.2  12.7   2
 287 GAAL9601 WTH Alma,Georgia,USA             31.560  -82.510    60  19.2  12.7   2
 288 GAAL9701 WTH Alma,Georgia,USA             31.560  -82.510    60  19.2  12.7   2
 289 GAAL9801 WTH Alma,Georgia,USA             31.560  -82.510    60  19.2  12.7   2
 290 GAAL9901 WTH Alma,Georgia,USA             31.560  -82.510    60  19.2  12.7   2
 291 GAAT0001 WTH Attapulgus,Georgia,USA       30.761  -84.485    37  19.0  10.9   2
 292 GAAT0101 WTH Attapulgus,Georgia,USA       30.761  -84.485    37  19.0  10.9   2
 293 GAAT0201 WTH Attapulgus,Georgia,USA       30.761  -84.485    37  19.0  10.9   2
 294 GAAT0301 WTH Attapulgus,Georgia,USA       30.761  -84.485    37  19.0  10.9   2
 295 GAAT9201 WTH Attapulgus,Georgia,USA       30.761  -84.485    37  19.0  10.9   2
 296 GAAT9301 WTH Attapulgus,Georgia,USA       30.761  -84.485    37  19.0  10.9   2
 297 GAAT9401 WTH Attapulgus,Georgia,USA       30.761  -84.485    37  19.0  10.9   2
 298 GAAT9501 WTH Attapulgus,Georgia,USA       30.761  -84.485    37  19.0  10.9   2
 299 GAAT9601 WTH Attapulgus,Georgia,USA       30.761  -84.485    37  19.0  10.9   2
 300 GAAT9701 WTH Attapulgus,Georgia,USA       30.761  -84.485    37  19.0  10.9   2
 301 GAAT9801 WTH Attapulgus,Georgia,USA       30.761  -84.485    37  19.0  10.9   2
 302 GAAT9901 WTH Attapulgus,Georgia,USA       30.761  -84.485    37  19.0  10.9   2
 303 GACM0301 WTH Stripling Irrigation Rese    31.283  -84.283    56  19.6   6.6 -99
 304 GACM0401 WTH Stripling Irrigation Rese    31.280  -84.292   50.  19.6   6.6   2
 305 GAEX9201 WTH Experiment_Georgia           33.240  -84.250   299  16.5  12.3 -99
 306 GAEX9301 WTH Experiment_Georgia           33.240  -84.250   299  16.5  12.3 -99
 307 GAEX9401 WTH Experiment_Georgia           33.240  -84.250   299  16.5  12.3 -99
 308 GAEX9501 WTH Experiment_Georgia           33.240  -84.250   299  16.5  12.3 -99
 309 GAEX9601 WTH Experiment_Georgia           33.240  -84.250   299  16.5  12.3 -99
 310 GAEX9701 WTH Experiment_Georgia           33.240  -84.250   299  16.5  12.3 -99
 311 GAEX9801 WTH Experiment_Georgia           33.240  -84.250   299  16.5  12.3 -99
 312 GAEX9901 WTH Experiment_Georgia           33.240  -84.250   299  16.5  12.3 -99
 313 GAGR0001 WTH GRIFFIN,GEORGIA,USA          33.262  -84.284  299.   0.0  12.1   2
 314 GAGR0101 WTH GRIFFIN,GEORGIA,USA          33.262  -84.284  299.   0.0  12.1   2
 315 GAGR0201 WTH GRIFFIN,GEORGIA,USA          33.263  -84.284  299.   0.0  12.1   2
 316 GAGR0301 WTH GRIFFIN,GEORGIA,USA          33.262  -84.284  299.   0.0  12.1   2
 317 GAGR0401 WTH GRIFFIN,GEORGIA,USA          33.263  -84.284  299.   0.0  12.1   2
 318 GAGR0501 WTH GRIFFIN,GEORGIA,USA          33.263  -84.284  299.   0.0  12.1   2
 319 GAGR0601 WTH GRIFFIN,GEORGIA,USA          33.263  -84.284  299.   0.0  12.1   2
 320 GAGR0701 WTH GRIFFIN,GEORGIA,USA          33.263  -84.284  299.   0.0  12.1   2
 321 GAGR0801 WTH GRIFFIN,GEORGIA,USA          33.263  -84.284  299.   0.0  12.1   2
 322 GAGR0901 WTH GRIFFIN,GEORGIA,USA          33.263  -84.284  299.   0.0  12.1   2
 323 GAGR1001 WTH GRIFFIN,GEORGIA,USA          33.263  -84.284  299.   0.0  12.1   2
 324 GAGR9101 WTH Griffin,Georgia,USA          33.262  -84.284  299.  16.6  12.1   2
 325 GAGR9201 WTH Griffin,Georgia,USA          33.262  -84.284   299  16.6  12.1   2
 326 GAGR9301 WTH Griffin,Georgia,USA          33.262  -84.284   299  16.6  12.1   2
 327 GAGR9401 WTH Griffin,Georgia,USA          33.262  -84.284   299  16.6  12.1   2
 328 GAGR9501 WTH Griffin,Georgia,USA          33.262  -84.284   299  16.6  12.1   2
 329 GAGR9601 WTH GRIFFIN,GEORGIA,USA          33.262  -84.284  299.    .0  12.1   2
 330 GAGR9701 WTH GRIFFIN,GEORGIA,USA          33.262  -84.284  299.    .0  12.1   2
 331 GAGR9801 WTH GRIFFIN,GEORGIA,USA          33.262  -84.284  299.    .0  12.1   2
 332 GAGR9901 WTH GRIFFIN,GEORGIA,USA          33.262  -84.284  299.    .0  12.1   2
 333 GAPL0001 WTH Plains,Georgia,USA           32.047  -84.371   152  17.9  12.5   2
 334 GAPL0101 WTH Plains,Georgia,USA           32.047  -84.371   152  17.9  12.5   2
 335 GAPL0201 WTH Plains,Georgia,USA           32.047  -84.371   152  17.9  12.5   2
 336 GAPL0301 WTH Plains,Georgia,USA           32.047  -84.371   152  17.9  12.5   2
 337 GAPL9201 WTH Plains,Georgia,USA           32.047  -84.371   152  17.9  12.5   2
 338 GAPL9301 WTH Plains,Georgia,USA           32.047  -84.371   152  17.9  12.5   2
 339 GAPL9401 WTH Plains,Georgia,USA           32.047  -84.371   152  17.9  12.5   2
 340 GAPL9501 WTH Plains,Georgia,USA           32.047  -84.371   152  17.9  12.5   2
 341 GAPL9601 WTH Plains,Georgia,USA           32.047  -84.371   152  17.9  12.5   2
 342 GAPL9701 WTH Plains,Georgia,USA           32.047  -84.371   152  17.9  12.5   2
 343 GAPL9801 WTH Plains,Georgia,USA           32.047  -84.371   152  17.9  12.5   2
 344 GAPL9901 WTH Plains,Georgia,USA           32.047  -84.371   152  17.9  12.5   2
 345 GATI0001 WTH Tifton,Georgia,USA           31.483  -83.533     0  19.1  11.2   2
 346 GATI0101 WTH Tifton,Georgia,USA           31.483  -83.533     0  19.1  11.2   2
 347 GATI0201 WTH Tifton,Georgia,USA           31.483  -83.533     0  19.1  11.2   2
 348 GATI0301 WTH Tifton,Georgia,USA           31.483  -83.533     0  19.1  11.2   2
 349 GATI9201 WTH Tifton,Georgia,USA           31.483  -83.533     0  19.1  11.2   2
 350 GATI9301 WTH Tifton,Georgia,USA           31.483  -83.533     0  19.1  11.2   2
 351 GATI9401 WTH Tifton,Georgia,USA           31.483  -83.533     0  19.1  11.2   2
 352 GATI9501 WTH Tifton,Georgia,USA           31.483  -83.533     0  19.1  11.2   2
 353 GATI9601 WTH Tifton,Georgia,USA           31.483  -83.533     0  19.1  11.2   2
 354 GATI9701 WTH Tifton,Georgia,USA           31.483  -83.533     0  19.1  11.2   2
 355 GATI9801 WTH Tifton,Georgia,USA           31.483  -83.533     0  19.1  11.2   2
 356 GATI9901 WTH Tifton,Georgia,USA           31.483  -83.533     0  19.1  11.2   2
 357 GAWI0001 WTH Williamson,Georgia,USA       33.176  -84.406   253  16.2  13.0   2
 358 GAWI0101 WTH Williamson,Georgia,USA       33.176  -84.406   253  16.2  13.0   2
 359 GAWI0201 WTH Williamson,Georgia,USA       33.176  -84.406   253  16.2  13.0   2
 360 GAWI0301 WTH Williamson,Georgia,USA       33.176  -84.406   253  16.2  13.0   2
 361 GAWI8701 WTH Williamson,Georgia,USA       33.176  -84.406   253  16.2  13.0   2
 362 GAWI8801 WTH Williamson,Georgia,USA       33.176  -84.406   253  16.2  13.0   2
 363 GAWI8901 WTH Williamson,Georgia,USA       33.176  -84.406   253  16.2  13.0   2
 364 GAWI9001 WTH Williamson,Georgia,USA       33.176  -84.406   253  16.2  13.0   2
 365 GAWI9101 WTH Williamson,Georgia,USA       33.176  -84.406   253  16.2  13.0   2
 366 GAWI9201 WTH Williamson,Georgia,USA       33.176  -84.406   253  16.2  13.0   2
 367 GAWI9301 WTH Williamson,Georgia,USA       33.176  -84.406   253  16.2  13.0   2
 368 GAWI9401 WTH Williamson,Georgia,USA       33.176  -84.406   253  16.2  13.0   2
 369 GAWI9501 WTH Williamson,Georgia,USA       33.176  -84.406   253  16.2  13.0   2
 370 GAWI9601 WTH Williamson,Georgia,USA       33.176  -84.406   253  16.2  13.0   2
 371 GAWI9701 WTH Williamson,Georgia,USA       33.176  -84.406   253  16.2  13.0   2
 372 GAWI9801 WTH Williamson,Georgia,USA       33.176  -84.406   253  16.2  13.0   2
 373 GAWI9901 WTH Williamson,Georgia,USA       33.176  -84.406   253  16.2  13.0   2
 374 GHNY9701 WTH NYANKPALA,TAMALE,GHANA        9.420   -0.920   184  28.0   2.6   1
 375 GHNY9801 WTH NYANKPALA,TAMALE,GHANA        9.420   -0.920   184  28.0   2.6   1
 376 GHWA0201 WTH WA,GHANA                     10.020   -2.382   184  28.0   2.6   1
 377 GHWA0301 WTH WA,GHANA                     10.020   -2.382   184  28.0   2.6   1
 378 GHWA0401 WTH WA,GHANA                     10.020   -2.382   184  28.0   2.6   1
 379 GHWA9601 WTH WA,GHANA                     10.020   -2.382   184  28.0   2.6   1
 380 GHWA9701 WTH WA,GHANA                     10.020   -2.382   184  28.0   2.6   1
 381 GHWA9801 WTH WA,GHANA                     10.020   -2.382   184  28.0   2.6   1
 382 HHIH8201 WTH HOHENHEIM,STUTTGART,GERMA     48.00     0.00   -99   -99   -99   -
 383 IBHK8901 WTH IBHK                          22.00   157.00        20.0   2.1    
 384 IBHK9001 WTH IBHK                          22.00   157.00        20.0   2.0    
 385 IBHK9101 WTH IBHK                          22.00   157.00                      
 386 IBHK9201 WTH IBHK                          22.00   157.00                      
 387 IBHK9301 WTH IBHK                          22.00   157.00                      
 388 IBHK9401 WTH IBHK                          22.00   157.00                      
 389 IBHK9501 WTH IBHK                          22.00   157.00                      
 390 IBKA9701 WTH IBKA                         20.780  156.376   -99 -99.0 -99.0   1
 391 IBKA9801 WTH IBKA                         20.780  156.376   -99 -99.0 -99.0   1
 392 IBMC9601 WTH MAUKA CAMPUS, UNIV. OF H     21.260 -157.810   100  24.1   2.1   -
 393 IBMC9701 WTH MAUKA CAMPUS, UNIV. OF H     21.260 -157.810   100  24.1   2.1   -
 394 IBPF8601 WTH PULEHU EXP. FARM, MAUI, H    20.770  156.330   -99   -99   -99   -
 395 IBPF8701 WTH PULEHU EXP FARM, MAUI, HI    20.770  156.330   -99   -99   -99   -
 396 IBSI8001 WTH SITIUNG,INDONESIA             -2.00   102.00	       8.9           
 397 IBSI8101 WTH SITIUNG,INDONESIA             -2.00   102.00               8.9    
 398 IBSI8201 WTH SITIUNG,INDONESIA             -2.00   102.00               8.9    
 399 IBSI8301 WTH SITIUNG,INDONESIA             -2.00   102.00               8.9    
 400 IBSI8401 WTH SITIUNG,INDONESIA             -2.00   102.00               8.9    
 401 IBSI8501 WTH SITIUNG,INDONESIA             -2.00   102.00               8.9    
 402 IBWA8302 WTH WAIPIO,HAWAII                 21.00   158.00   -99   -99   -99   -
 403 IBWM9101 WTH IBWM                          22.00   158.00    20  25.0   5.0   -
 404 IEBR8201 WTH IEBR8201                      35.20    37.10   390  17.3  20.3    
 405 IEBR8301 WTH IEBR8301                      35.20    37.10   390  17.3  20.3    
 406 IEJI8001 WTH Jindiress,Syria               36.50     0.00                      
 407 IEJI8201 WTH Jindiress,Syria               36.50     0.00                      
 408 IEKH8001 WTH Khanasser,Syria               35.10     0.00                      
 409 IEKH8101 WTH Khanasser,Syria               35.10     0.00                      
 410 IETH7901 WTH Tel_Hadya,Syria               35.00     0.00                      
 411 IETH8001 WTH Tel_Hadya,Syria               35.60     0.00                      
 412 IETH8002 WTH TEL_HADYA,SYRIA               36.00   147.00                      
 413 IGQU8901 WTH ICTA,QUEZADA,GUATEMALA        14.27   -90.03   -99   -99   -99   -
 414 IICS9701 WTH Iics,Nigeria                   7.50     3.90   243 -99.0 -99.0 -99
 415 IRCH0302 WTH IRCH                         39.930  116.470    31  12.8  14.6 -99
 416 IRIW8501 WTH IRIW                         14.200  121.200     0   0.0   0.0   0
 417 IRIW8601 WTH IRIW                         14.200  121.200     0   0.0   0.0   0
 418 IRIW8701 WTH IRIW                         14.200  121.200     0   0.0   0.0   0
 419 IRIW8801 WTH IRIW                         14.200  121.200     0   0.0   0.0   0
 420 IRIW8901 WTH IRIW                         14.200  121.200     0   0.0   0.0   0
 421 IRIW9001 WTH IRIW                         14.200  121.200     0   0.0   0.0   0
 422 IRIW9101 WTH IRIW                         14.200  121.200     0   0.0   0.0   0
 423 IRIW9201 WTH IRIW                         14.200  121.200     0   0.0   0.0   0
 424 IRLB9201 WTH Los Banos, Phillipines       14.183  121.250    21  27.1   2.1   2
 425 IRMZ8501 WTH IRRI,MUNOZ,PHILIPPINES       15.70    120.90   -99   -99   -99   -
 426 IRMZ8601 WTH IRRI,MUNOZ,PHILIPPINES       15.70    120.90   -99  27.0   4.3   -
 427 IRPI8001 WTH IRRI,PILA,PHILIPPINES        14.20    121.30    50  27.0   3.8   -
 428 IRPI8501 WTH IRRI,PILA,PHILIPPINES        14.20    121.30    50  27.0   3.8   -
 429 IRPI8601 WTH IRRI,PILA,PHILIPPINES        14.20    121.30    50  27.0   3.8   -
 430 IRWE8501 WTH Las Banos, Laguna, IRRI      14.180  121.250    21  28.0   3.0   0
 431 IRWE8601 WTH Las Banos, Laguna, IRRI      14.180  121.250    21  28.0   3.0   0
 432 IRWE8701 WTH Las Banos, Laguna, IRRI      14.180  121.250    21  28.0   3.0   0
 433 IRWE8801 WTH Las Banos, Laguna, IRRI      14.180  121.250    21  28.0   3.0   0
 434 IRWE8901 WTH Las Banos, Laguna, IRRI      14.180  121.250    21  28.0   3.0   0
 435 IRWE9001 WTH Las Banos, Laguna, IRRI      14.180  121.250    21  28.0   3.0   0
 436 IRWE9101 WTH Las Banos, Laguna, IRRI      14.180  121.250    21  28.0   3.0   0
 437 IRWE9201 WTH Las Banos, Laguna, IRRI      14.180  121.250    21  28.0   3.0   0
 438 IRWE9301 WTH Las Banos, Laguna, IRRI      14.180  121.250    21  28.0   3.0   0
 439 IRWE9401 WTH Las Banos, Laguna, IRRI      14.180  121.250    21  28.0   3.0   0
 440 IRWE9501 WTH Las Banos, Laguna, IRRI      14.180  121.250    21  28.0   3.0   0
 441 IRWE9601 WTH Las Banos, Laguna, IRRI      14.180  121.250    21  28.0   3.0   0
 442 IRWE9701 WTH Las Banos, Laguna, IRRI      14.180  121.250    21  28.0   3.0   0
 443 IRWE9801 WTH IRRI WETLAND SITE, 1998 D    14.110  121.150  21.0  27.0   3.8 -99
 444 ITCH0001 WTH Chinh, HoaBinh, Vietnam      20.490  105.770     0 -99.0 -99.0 -99
 445 ITCH9501 WTH Chinh, HoaBinh, Vietnam      20.490  105.770     0 -99.0 -99.0 -99
 446 ITCH9601 WTH Chinh, HoaBinh, Vietnam      20.490  105.770     0 -99.0 -99.0 -99
 447 ITCH9801 WTH Chinh, HoaBinh, Vietnam      20.490  105.770     0 -99.0 -99.0 -99
 448 ITCH9901 WTH Chinh, HoaBinh, Vietnam      20.490  105.770     0 -99.0 -99.0 -99
 449 ITDE6501 WTH ITDE                         28.630   77.200     0   0.0   0.0   0
 450 ITDE6601 WTH ITDE                         28.630   77.200     0   0.0   0.0   0
 451 ITDE6701 WTH ITDE                         28.630   77.200     0   0.0   0.0   0
 452 ITDE6801 WTH ITDE                         28.630   77.200     0   0.0   0.0   0
 453 ITDE6901 WTH ITDE                         28.630   77.200     0   0.0   0.0   0
 454 ITDE7001 WTH ITDE                         28.630   77.200     0   0.0   0.0   0
 455 ITDE7101 WTH ITDE                         28.630   77.200     0   0.0   0.0   0
 456 ITDE7201 WTH ITDE                         28.630   77.200     0   0.0   0.0   0
 457 ITDE7301 WTH ITDE                         28.630   77.200     0   0.0   0.0   0
 458 ITDE7401 WTH ITDE                         28.630   77.200     0   0.0   0.0   0
 459 ITDE7501 WTH ITDE                         28.630   77.200     0   0.0   0.0   0
 460 ITDE7601 WTH ITDE                         28.630   77.200     0   0.0   0.0   0
 461 ITDE7701 WTH ITDE                         28.630   77.200     0   0.0   0.0   0
 462 ITDE7801 WTH ITDE                         28.630   77.200     0   0.0   0.0   0
 463 ITDE7901 WTH ITDE                         28.630   77.200     0   0.0   0.0   0
 464 ITDE8001 WTH ITDE                         28.630   77.200     0   0.0   0.0   0
 465 ITHY7501 WTH Hyderabad,India              17.530   78.270     0  25.8  11.8   2
 466 ITHY7601 WTH Hyderabad,India              17.530   78.270     0  25.8  11.8   2
 467 ITHY7701 WTH Hyderabad,India              17.530   78.270     0  25.8  11.8   2
 468 ITHY7801 WTH Hyderabad,India              17.530   78.270     0  25.8  11.8   2
 469 ITHY7901 WTH Hyderabad,India              17.530   78.270     0  25.8  11.8   2
 470 ITHY8001 WTH Hyderabad,India              17.530   78.270     0  25.8  11.8   2
 471 ITHY8101 WTH Hyderabad,India              17.530   78.270     0  25.8  11.8   2
 472 ITHY8201 WTH Hyderabad,India              17.530   78.270     0  25.8  11.8   2
 473 ITHY8301 WTH Hyderabad,India              17.530   78.270     0  25.8  11.8   2
 474 ITHY8401 WTH Hyderabad,India              17.530   78.270     0  25.8  11.8   2
 475 ITHY8501 WTH Hyderabad,India              17.530   78.270     0  25.8  11.8   2
 476 ITHY8601 WTH Hyderabad,India              17.530   78.270     0  25.8  11.8   2
 477 ITHY8701 WTH Hyderabad,India              17.530   78.270     0  25.8  11.8   2
 478 ITHY8801 WTH Hyderabad,India              17.530   78.270     0  25.8  11.8   2
 479 ITHY8901 WTH Hyderabad,India              17.530   78.270     0  25.8  11.8   2
 480 ITHY9001 WTH Hyderabad,India              17.530   78.270     0  25.8  11.8   2
 481 ITHY9101 WTH Hyderabad,India              17.530   78.270     0  25.8  11.8   2
 482 ITHY9201 WTH Hyderabad,India              17.530   78.270     0  25.8  11.8   2
 483 ITHY9301 WTH Hyderabad,India              17.530   78.270     0  25.8  11.8   2
 484 ITHY9401 WTH Hyderabad,India              17.530   78.270     0  25.8  11.8   2
 485 ITHY9501 WTH Hyderabad,India              17.530   78.270     0  25.8  11.8   2
 486 ITHY9601 WTH Hyderabad,India              17.530   78.270     0  25.8  11.8   2
 487 ITHY9701 WTH Hyderabad,India              17.530   78.270     0  25.8  11.8   2
 488 ITHY9801 WTH Hyderabad,India              17.530   78.270     0  25.8  11.8   2
 489 ITHY9901 WTH Hyderabad,India              17.530   78.270     0  25.8  11.8   2
 490 ITIN0301 WTH NRCS, INDORE, ADB Collabo    22.400   75.500   567  25.7   6.4 -99
 491 ITIN0401 WTH NRCS, INDORE, ADB Collabo    22.400   75.500   567  25.7   6.4 -99
 492 ITPU8901 WTH Pune,India                    18.52    73.85                      
 493 ITSC8601 WTH Sahelian_Center,Niger         13.28     2.00                      
 494 IUAF8001 WTH I.S.U. Agron Farm, Story     42.020   93.800     0   9.1  15.5  1.
 495 IUAF8002 WTH I.S.U. Agron Farm, Story     42.020   93.800     0   9.1  15.5  1.
 496 IUAF8101 WTH I.S.U. Agron Farm, Story     42.020   93.800     0   9.1  15.5  1.
 497 IUAF8201 WTH I.S.U. Agron Farm, Story     42.020   93.800     0   9.1  15.5  1.
 498 IUAF8301 WTH I.S.U. Agron Farm, Story     42.020   93.800     0   9.1  15.5  1.
 499 IUAF8401 WTH I.S.U. Agron Farm, Story     42.020   93.800     0   9.1  15.5  1.
 500 IUAF8501 WTH I.S.U. Agron Farm, Story     42.020   93.800     0   9.1  15.5  1.
 501 IUAF8601 WTH I.S.U. Agron Farm, Story     42.020   93.800     0   9.1  15.5  1.
 502 IUAF8701 WTH I.S.U. Agron Farm, Story     42.020   93.800     0   9.1  15.5  1.
 503 IUAF8801 WTH I.S.U. Agron Farm, Story     42.020   93.800     0   9.1  15.5  1.
 504 IUAF8901 WTH I.S.U. Agron Farm, Story     42.020   93.800     0   9.1  15.5  1.
 505 IUAF9001 WTH I.S.U. Johnson Farm, Stor    41.590   93.380     0   9.1  15.5  1.
 506 IUAF9101 WTH I.S.U. Johnson Farm, Stor    41.590   93.380     0   9.1  15.5  1.
 507 IUAF9201 WTH I.S.U. Johnson Farm, Stor    41.590   93.380   320   9.1  15.5  1.
 508 IUAF9301 WTH I.S.U. Johnson Farm, Stor    41.590   93.380     0   9.1  15.5  1.
 509 IUAF9401 WTH Ames,Iowa,USA                42.000   93.770   320 -99.0 -99.0   2
 510 IUAF9501 WTH Ames,IA                      42.000   93.770   320 -99.0 -99.0   2
 511 IUAF9601 WTH Ames,IA                      42.000   93.770   320   9.1  15.5  1.
 512 IUAF9701 WTH AMES, IA (AERC)              42.000   93.770   320   9.1  15.5  1.
 513 IUAF9901 WTH AMES, IA, U.S.A.             42.020   93.750   335   9.1  15.5  1.
 514 IUAM8801 WTH Ames,Iowa,USA                 42.00   -93.50     0   9.1  15.5  1.
 515 IUAM9001 WTH Ames,Iowa,USA                 42.00   -93.50     0   9.1  15.5  1.
 516 IUAM9701 WTH Swine Res. Farms (Armstro    42.000  -93.770   320   9.1  15.5   2
 517 IUAM9702 WTH Sorenson Farms, near Ames    42.000  -93.770   320   9.1  15.5   2
 518 IUCA7901 WTH CASTANA,IOWA,USA             42.20   -93.70    -99   9.1  15.5  1.
 519 IUCA7902 WTH CASTANA,IOWA,USA             42.20   -93.700   425   9.9  15.9   1
 520 KADO7701 WTH KADO                        -18.320   29.880     0   0.0   0.0   0
 521 KADO7801 WTH KADO                        -18.320   29.880     0   0.0   0.0   0
 522 KADO7901 WTH KADO                        -18.320   29.880     0   0.0   0.0   0
 523 KADO8001 WTH KADO                        -18.320   29.880     0   0.0   0.0   0
 524 KADO8101 WTH KADO                        -18.320   29.880     0   0.0   0.0   0
 525 KADO8201 WTH KADO                        -18.320   29.880     0   0.0   0.0   0
 526 KADO8301 WTH KADO                        -18.320   29.880     0   0.0   0.0   0
 527 KADO8401 WTH KADO                        -18.320   29.880     0   0.0   0.0   0
 528 KADO8501 WTH KADO                        -18.320   29.880     0   0.0   0.0   0
 529 KADO8601 WTH KADO                        -18.320   29.880     0   0.0   0.0   0
 530 KADO8701 WTH KADO                        -18.320   29.880     0   0.0   0.0   0
 531 KADO8801 WTH KADO                        -18.320   29.880     0   0.0   0.0   0
 532 KADO8901 WTH KADO                        -18.320   29.880     0   0.0   0.0   0
 533 KADO9001 WTH KADO                        -18.320   29.880     0   0.0   0.0   0
 534 KSAS8101 WTH KSAS8101                      37.18   -99.75   226  12.0  32.0    
 535 KSAS8201 WTH KSAS8201                      37.18   -99.75   226  12.0  32.0    
 536 LUGO9001 WTH LUGO                          43.00     6.20   480  11.9   6.3   1
 537 LUGO9101 WTH LUGO                          43.00     6.20   480  11.9   6.3   1
 538 LUGO9201 WTH LUGO                          43.00     6.20   480  11.9   6.3   1
 539 LUGO9301 WTH LUGO                          43.00     6.20   480  11.9   6.3   1
 540 LUGO9501 WTH LUGO                          43.00     6.20   480  11.9   6.3   1
 541 LUGO9601 WTH LUGO                          43.00     6.20   480  11.9   6.3   1
 542 LUGO9801 WTH LUGO                         43.000    3.300   480  11.8   6.0 -99
 543 MSKB8401 WTH KBS-MSU                      41.700  -85.500   285   9.2  13.0 -99
 544 MSKB8501 WTH KBS-MSU                      41.700  -85.500   285   9.2  13.0 -99
 545 MSKB8601 WTH KBS-MSU                      41.700  -85.500   285   9.2  13.0 -99
 546 MSKB8701 WTH KBS-MSU                      41.700  -85.500   285   9.2  13.0 -99
 547 MSKB8801 WTH KBS-MSU                      41.700  -85.500   285   9.2  13.0 -99
 548 MSKB8901 WTH KBS-MSU                      41.700  -85.500   285   9.2  13.0 -99
 549 MSKB9001 WTH KBS-MSU                      41.700  -85.500   285   9.2  13.0 -99
 550 MSKB9101 WTH KBS-MSU                      41.700  -85.500   285   9.2  13.0 -99
 551 MSKB9201 WTH KBS-MSU                      41.700  -85.500   285   9.2  13.0 -99
 552 MSKB9301 WTH KBS-MSU                      41.700  -85.500   285   9.2  13.0 -99
 553 MSKB9401 WTH KBS-MSU                      41.700  -85.500   285   9.2  13.0 -99
 554 MSKB9501 WTH KellogeBiologicalStation,    41.700  -85.500   200   9.2  13.0 -99
 555 MSKB9601 WTH KellogeBiologicalStation,    41.700  -85.500   200   9.2  13.0 -99
 556 MSKB9701 WTH KellogeBiologicalStation,    41.700  -85.500   200   9.2  13.0 -99
 557 MSKB9801 WTH KellogeBiologicalStation,    41.700  -85.500   200   9.2  13.0 -99
 558 MSMU7901 WTH The_Murrays,Scotland          56.00     0.00   -99   -99   -99   -
 559 MSMU8001 WTH The_Murrays,Scotland          56.00     0.00   -99   -99   -99   -
 560 MTBO7701 WTH MTBO7701                      48.00   -109.0   760   5.6  31.2    
 561 MTIS8901 WTH MTIS                          18.50    67.00                      
 562 MTIS9001 WTH MTIS                          18.50    67.00                      
 563 MTIS9101 WTH MTIS                          18.50    67.00                      
 564 MTIS9201 WTH MTIS                          18.50    67.00                      
 565 MTIS9301 WTH MTIS                          18.50    67.00                      
 566 NCCL8801 WTH NCCL                          35.94     0.00                      
 567 NCRM8701 WTH NCRM                          35.66     0.00                      
 568 NITL1101 WTH TILLABERY,                   14.200    1.450   209   0.0   0.0  0.
 569 NITL1201 WTH TILLABERY,                   14.200    1.450   209   0.0   0.0  0.
 570 NITL1301 WTH TILLABERY,                   14.200    1.450   209   0.0   0.0  0.
 571 NITL1401 WTH TILLABERY,                   14.200    1.450   209   0.0   0.0  0.
 572 NITL1501 WTH TILLABERY,                   14.200    1.450   209   0.0   0.0  0.
 573 NITL1601 WTH TILLABERY,                   14.200    1.450   209   0.0   0.0  0.
 574 NITL1701 WTH TILLABERY,                   14.200    1.450   209   0.0   0.0  0.
 575 NITL1801 WTH TILLABERY,                   14.200    1.450   209   0.0   0.0  0.
 576 NITL1901 WTH TILLABERY,                   14.200    1.450   209   0.0   0.0  0.
 577 NITL2001 WTH TILLABERY,                   14.200    1.450   209   0.0   0.0  0.
 578 NITL2101 WTH TILLABERY,                   14.200    1.450   209   0.0   0.0  0.
 579 NITL2201 WTH TILLABERY,                   14.200    1.450   209   0.0   0.0  0.
 580 NITL2301 WTH TILLABERY,                   14.200    1.450   209   0.0   0.0  0.
 581 NITL2401 WTH TILLABERY,                   14.200    1.450   209   0.0   0.0  0.
 582 NITL2501 WTH TILLABERY,                   14.200    1.450   209   0.0   0.0  0.
 583 NITL2601 WTH TILLABERY,                   14.200    1.450   209   0.0   0.0  0.
 584 NITL2701 WTH TILLABERY,                   14.200    1.450   209   0.0   0.0  0.
 585 NITL2801 WTH TILLABERY,                   14.200    1.450   209   0.0   0.0  0.
 586 NITL2901 WTH TILLABERY,                   14.200    1.450   209   0.0   0.0  0.
 587 NITL3001 WTH TILLABERY,                   14.200    1.450   209   0.0   0.0  0.
 588 NYCU8001 WTH NYCU                          42.70    97.00   -99   8.5   8.6   -
 589 NYCU8101 WTH NYCU                          42.70    97.00   -99   8.5   8.6   -
 590 NYCU8201 WTH NYCU                          42.70    97.00   -99   8.5   8.6   -
 591 NYCU8501 WTH NYCU                          42.70    97.00   -99   8.5   8.6   -
 592 NYCU8601 WTH NYCU                          42.70    97.00   -99   8.5   8.6   -
 593 OHWO8801 WTH WOOSTER,OHIO,USA              40.78   -81.93     0   9.1  15.5  1.
 594 OHWO9001 WTH WOOSTER,OHIO,USA              40.78   -81.93     0   9.1  15.5  1.
 595 OSBO8801 WTH OSBO                          45.83   119.28   -99  11.0   9.0   -
 596 PBCA7701 WTH Cambridge,England             52.50     0.00   -99   -99   -99   -
 597 PLAP8801 WTH Portage_la_Prairie,Manito    50.000  -98.500     0 -99.0 -99.0 -99
 598 PLAP9201 WTH Portage_la_Prairie,Manito    50.000  -98.500     0 -99.0 -99.0 -99
 599 PULU0001 WTH LUDHIANA,INDIA              30.550    75.510   247 -99.0 -99.     
 600 PULU0101 WTH LUDHIANA,INDIA              30.550    75.510   247 -99.0 -99.     
 601 ROR15901 WTH Rothamsted,England           52.500   -0.500   100   9.9   6.1   0
 602 ROR16001 WTH Rothamsted,England           52.500   -0.500   100   9.9   6.1   0
 603 ROR16101 WTH Rothamsted,England           52.500   -0.500   100   9.9   6.1   0
 604 ROR16201 WTH Rothamsted,England           52.500   -0.500   100   9.9   6.1   0
 605 ROR16301 WTH Rothamsted,England           52.500   -0.500   100   9.9   6.1   0
 606 ROR16401 WTH Rothamsted,England           52.500   -0.500   100   9.9   6.1   0
 607 ROR16501 WTH Rothamsted,England           52.500   -0.500   100   9.9   6.1   0
 608 ROR16601 WTH Rothamsted,England           52.500   -0.500   100   9.9   6.1   0
 609 ROR16701 WTH Rothamsted,England           52.500   -0.500   100   9.9   6.1   0
 610 ROR16801 WTH Rothamsted,England           52.500   -0.500   100   9.9   6.1   0
 611 ROR16901 WTH Rothamsted,England           52.500   -0.500   100   9.9   6.1   0
 612 ROR17001 WTH Rothamsted,England           52.500   -0.500   100   9.9   6.1   0
 613 ROR17101 WTH Rothamsted,England           52.500   -0.500   100   9.9   6.1   0
 614 ROR17201 WTH Rothamsted,England           52.500   -0.500   100   9.9   6.1   0
 615 ROR17301 WTH Rothamsted,England           52.500   -0.500   100   9.9   6.1   0
 616 ROR17401 WTH Rothamsted,England           52.500   -0.500   100   9.9   6.1   0
 617 ROR17501 WTH Rothamsted,England           52.500   -0.500   100   9.9   6.1   0
 618 ROR17601 WTH Rothamsted,England           52.500   -0.500   100   9.9   6.1   0
 619 ROR17701 WTH Rothamsted,England           52.500   -0.500   100   9.9   6.1   0
 620 ROR17801 WTH Rothamsted,England           52.500   -0.500   100   9.9   6.1   0
 621 ROR17901 WTH Rothamsted,England           52.500   -0.500   100   9.9   6.1   0
 622 ROR18001 WTH Rothamsted,England           52.500   -0.500   100   9.9   6.1   0
 623 ROR18101 WTH Rothamsted,England           52.500   -0.500   100   9.9   6.1   0
 624 ROR18201 WTH Rothamsted,England           52.500   -0.500   100   9.9   6.1   0
 625 ROR18301 WTH Rothamsted,England           52.500   -0.500   100   9.9   6.1   0
 626 ROR18401 WTH Rothamsted,England           52.500   -0.500   100   9.9   6.1   0
 627 ROR18501 WTH Rothamsted,England           52.500   -0.500   100   9.9   6.1   0
 628 ROR18601 WTH Rothamsted,England           52.500   -0.500   100   9.9   6.1   0
 629 ROR18701 WTH Rothamsted,England           52.500   -0.500   100   9.9   6.1   0
 630 ROR18801 WTH Rothamsted,England           52.500   -0.500   100   9.9   6.1   0
 631 ROR18901 WTH Rothamsted,England           52.500   -0.500   100   9.9   6.1   0
 632 ROR19001 WTH Rothamsted,England           52.500   -0.500   100   9.9   6.1   0
 633 ROR19101 WTH Rothamsted,England           52.500   -0.500   100   9.9   6.1   0
 634 ROR19201 WTH Rothamsted,England           52.500   -0.500   100   9.9   6.1   0
 635 ROR19301 WTH Rothamsted,England           52.500   -0.500   100   9.9   6.1   0
 636 ROR19401 WTH Rothamsted,England           52.500   -0.500   100   9.9   6.1   0
 637 ROR19501 WTH Rothamsted,England           52.500   -0.500   100   9.9   6.1   0
 638 ROR19601 WTH Rothamsted,England           52.500   -0.500   100   9.9   6.1   0
 639 ROR19701 WTH Rothamsted,England           52.500   -0.500   100   9.9   6.1   0
 640 ROR19801 WTH Rothamsted,England           52.500   -0.500   100   9.9   6.1   0
 641 ROR19901 WTH Rothamsted,England           52.500   -0.500   100   9.9   6.1   0
 642 RORO6701 WTH Rothamsted,England            52.50   -0.500   100   9.9   8.4   0
 643 RORO7201 WTH Rothamsted,England            52.50   -0.500   100   9.9   8.4   0
 644 RORO7401 WTH RORO7401                      51.82    -0.36   128   9.9   8.4    
 645 RORO7501 WTH RORO7501                      51.82    -0.36   128   9.9   8.4    
 646 RORO7601 WTH Rothamsted,England            52.50   -0.500   100   9.9   8.4   0
 647 RORO7901 WTH Rothamsted,England            52.50   -0.500   100   9.9   8.4   0
 648 SAPO6701 WTH Pongola,KwaZulu-Natal,Sou   -27.000   30.000   100  20.9   5.0   2
 649 SAPO6801 WTH Pongola,KwaZulu-Natal,Sou   -27.000   30.000   100  20.9   5.0   2
 650 SAPO6901 WTH Pongola,KwaZulu-Natal,Sou   -27.000   30.000   100  20.9   5.0   2
 651 SAPO7001 WTH Pongola,KwaZulu-Natal,Sou   -27.000   30.000   100  20.9   5.0   2
 652 SAPO7101 WTH Pongola,KwaZulu-Natal,Sou   -27.000   30.000   100  20.9   5.0   2
 653 SAPO7201 WTH Pongola,KwaZulu-Natal,Sou   -27.000   30.000   100  20.9   5.0   2
 654 SAPO7301 WTH Pongola,KwaZulu-Natal,Sou   -27.000   30.000   100  20.9   5.0   2
 655 SATO8801 WTH TongaatData,SASA            -29.600   30.000   100  20.4   4.1   2
 656 SATO8901 WTH TongaatData,SASA            -29.600   30.000   100  20.4   4.1   2
 657 SATO9001 WTH TongaatData,SASA            -29.600   30.000   100  20.4   4.1   2
 658 SATO9101 WTH TongaatData,SASA            -29.600   30.000   100  20.4   4.1   2
 659 SATO9201 WTH TongaatData,SASA            -29.600   30.000   100  20.4   4.1   2
 660 SATO9301 WTH TongaatData,SASA            -29.600   30.000   100  20.4   4.1   2
 661 SAUR9001 WTH Antioquia,Urrao,Colombia.     6.330  -76.116  1850  20.2   1.8   0
 662 SAUR9101 WTH Antioquia,Urrao,Colombia.     6.330  -76.116  1850  20.2   1.8   0
 663 SAUR9201 WTH Antioquia,Urrao,Colombia.     6.330  -76.116  1850  20.2   1.8   0
 664 SAUR9301 WTH Antioquia,Urrao,Colombia.     6.330  -76.116  1850  20.2   1.8   0
 665 SIAZ9301 WTH SIAMONTA¥ANA                 41.430    0.490   225  14.7   8.6   2
 666 SIAZ9401 WTH SIAMONTA¥ANA                 41.430    0.490   225  14.7   8.6   2
 667 SIAZ9501 WTH SIAMONTA¥ANA                 41.430    0.490   225  14.7   8.6   2
 668 SIAZ9601 WTH SIAMONTA¥ANA                 41.430    0.490   225  14.7   8.6   2
 669 SIAZ9801 WTH SIAMONTA¥ANA                 41.430    0.490   225  14.7   8.6   2
 670 SIAZ9901 WTH SIAMONTA¥ANA                 41.430    0.490   225  14.7   8.6   2
 671 SWSW7501 WTH SWSW7501                      50.26  -107.50   175   2.2  36.0    
 672 TETE7401 WTH TEMPLE,TEXAS                  31.00    97.50   -99   -99   -99   -
 673 TXAU8401 WTH AUSTIN, TX, USA              30.300  -97.700  189.  20.0  19.7 -99
 674 TXAU8501 WTH AUSTIN, TX, USA              30.300  -97.700  189.  20.0  19.7 -99
 675 TXAU8601 WTH AUSTIN, TX, USA              30.300  -97.700  189.  20.0  19.7 -99
 676 TXBD8401 WTH Temple, Texas                31.056  -97.348   199  19.1  23.6 -99
 677 TXCO7801 WTH Columbas,Texas               29.720  -96.530    65  19.3  10.8  1.
 678 TXCO7901 WTH Columbas,Texas               29.720  -96.530    65  19.3  10.8  1.
 679 TXCO8001 WTH Columbas,Texas               29.720  -96.530    65  19.3  10.8  1.
 680 UBKA8601 WTH KAJONDI_FARM,BURUNDI          -3.29    30.00   -99   -99   -99   -
 681 UCCO8101 WTH UCCO                          38.00     4.00                      
 682 UCCO8201 WTH UCCO                          38.00     4.00                      
 683 UCCO8301 WTH UCCO                          38.00     4.00                      
 684 UCCO8401 WTH UCCO                          38.00     4.00                      
 685 UCCO8501 WTH UCCO                          38.00     4.00                      
 686 UCCO8601 WTH UCCO                          38.00     4.00                      
 687 UCCO8701 WTH UCCO                          38.00     5.00                      
 688 UCCO8801 WTH UCCO                          38.00     5.00                      
 689 UCCO8901 WTH UCCO                          38.00     5.00                      
 690 UCCO9101 WTH UCCO                          38.00     4.00                      
 691 UCEA7701 WTH ELORA,ON,CANADA  DFB  1      43.390  -80.250   376   6.0  27.3  2.
 692 UCEA7801 WTH ELORA,ON,CANADA  DFB  1      43.390   80.250   376   6.0  27.3    
 693 UFBG0001 WTH Everglades Research and E    26.650  -80.633     3  22.4   5.0   2
 694 UFBG0101 WTH Everglades Research and E    26.650  -80.633     3  22.4   5.0   2
 695 UFBG0201 WTH Everglades Research and E    26.650  -80.633     3  22.4   5.0   2
 696 UFBG0301 WTH Everglades Research and E    26.650  -80.633     3  22.4   5.0   2
 697 UFBG0401 WTH Everglades Research and E    26.650  -80.633     3  22.9   5.1   2
 698 UFBG0501 WTH Everglades Research and E    26.650  -80.633     3  22.9   5.1   2
 699 UFBG0601 WTH Everglades Research and E    26.650  -80.633     3  22.9   5.1   2
 700 UFBG0701 WTH Everglades Research and E    26.650  -80.633     3  22.9   5.1   2
 701 UFBG0801 WTH Everglades Research and E    26.650  -80.633     3  22.2   4.6   2
 702 UFBG0901 WTH Everglades Research and E    26.650  -80.633     3  22.2   4.6   2
 703 UFBR9101 WTH BRADENTON, FLORIDA, U.S.A    27.600  -82.600    10 -99.0 -99.0 -99
 704 UFBR9201 WTH BRADENTON, FLORIDA, U.S.A    27.600  -82.600    10 -99.0 -99.0 -99
 705 UFBR9301 WTH BRADENTON, FLORIDA, U.S.A    27.600  -82.600    10 -99.0 -99.0 -99
 706 UFBR9401 WTH BRADENTON, FLORIDA, U.S.A    27.600  -82.600    10 -99.0 -99.0 -99
 707 UFBR9501 WTH BRADENTON, FLORIDA, U.S.A    27.600   82.600    10 -99.0 -99.0 -99
 708 UFBR9601 WTH BRAD., FLORIDA, PARTIAL,     27.600   82.600    10 -99.0 -99.0 -99
 709 UFCI0201 WTH Plant Science Unit, Citra    29.630  -82.370    10  20.9   7.5  2.
 710 UFCI0301 WTH Plant Science Unit, Citra    29.630  -82.370    10  20.9   7.5  2.
 711 UFCI0401 WTH Plant Science Unit, Citra    29.410  -82.180    21  21.0  10.7   2
 712 UFCI0501 WTH Plant Science Unit, Citra    29.410  -82.180    21  21.0  10.7   2
 713 UFCI0601 WTH Plant Science Unit, Citra    29.410  -82.180    21  21.0  10.7   2
 714 UFGA0601 WTH Gainesville,Florida,USA      29.630  -82.370    10  21.3  13.0   2
 715 UFGA0701 WTH Gainesville,Florida,USA      29.630  -82.370    10  20.9  13.0  2.
 716 UFGA5801 WTH Gainesville,Florida,USA      29.630  -82.370    10  20.9  13.0  2.
 717 UFGA5901 WTH Gainesville,Florida,USA      29.630  -82.370    10  20.9  13.0  2.
 718 UFGA6001 WTH Gainesville,Florida,USA      29.630  -82.370    10  20.9  13.0  2.
 719 UFGA6101 WTH Gainesville,Florida,USA      29.630  -82.370    10  20.9  13.0  2.
 720 UFGA6201 WTH Gainesville,Florida,USA      29.630  -82.370    10  20.9  13.0  2.
 721 UFGA6401 WTH Gainesville,Florida,USA      29.630  -82.370    10  20.9  13.0  2.
 722 UFGA6501 WTH Gainesville,Florida,USA      29.630  -82.370    10  20.9  13.0  2.
 723 UFGA6601 WTH Gainesville,Florida,USA      29.630  -82.370    10  20.9  13.0  2.
 724 UFGA6701 WTH Gainesville,Florida,USA      29.630  -82.370    10  20.9  13.0  2.
 725 UFGA6801 WTH Gainesville,Florida,USA      29.630  -82.370    10  20.9  13.0  2.
 726 UFGA6901 WTH Gainesville,Florida,USA      29.630  -82.370    10  20.9  13.0  2.
 727 UFGA7001 WTH Gainesville,Florida,USA      29.630  -82.370    10  20.9  13.0  2.
 728 UFGA7101 WTH Gainesville,Florida,USA      29.630  -82.370    10  20.9  13.0  2.
 729 UFGA7601 WTH Gainesville,Florida,USA      29.630  -82.370    10  20.9  13.0  2.
 730 UFGA7801 WTH Gainesville,Florida,USA      29.630  -82.370    10  20.9  13.0  2.
 731 UFGA7901 WTH Gainesville,Florida,USA      29.630  -82.370    10  20.9  13.0  2.
 732 UFGA8001 WTH Gainesville,Florida,USA      29.630  -82.370    10  20.9  13.0  2.
 733 UFGA8101 WTH Gainesville,Florida,USA      29.630  -82.370    10  20.9  13.0  2.
 734 UFGA8201 WTH Gainesville,Florida,USA      29.630  -82.370    10  20.9  13.0  2.
 735 UFGA8301 WTH Gainesville,Florida,USA      29.630  -82.370    10  20.9  13.0  2.
 736 UFGA8401 WTH Gainesville,Florida,USA      29.630  -82.370    10  20.9  13.0  2.
 737 UFGA8501 WTH Gainesville,Florida,USA      29.630  -82.370    10  20.9  13.0  2.
 738 UFGA8601 WTH Gainesville,Florida,USA      29.630  -82.370    10  20.9  13.0  2.
 739 UFGA8701 WTH Gainesville,Florida,USA      29.630  -82.370    10  20.9  13.0  2.
 740 UFGA8901 WTH Gainesville,Florida,USA;I    29.630  -82.370    10  20.9  13.0  2.
 741 UFGA9001 WTH Gainesville,Florida,USA;I    29.630  -82.370    10  20.9  13.0  2.
 742 UFGA9601 WTH GAINESVILLE, FLORIDA, U.S    29.630   82.370    10  20.9   7.5  2.
 743 UFGR8501 WTH Green_Acres,Newberry,Flor    29.630  -82.370    10  20.9   7.5  2.
 744 UFGR8901 WTH Green_Acres,Newberry,Flor    29.630  -82.370    10  20.9   7.5  2.
 745 UFGW8801 WTH UFGW                          30.79    85.25                      
 746 UFGW8901 WTH UFGW                          30.79    85.25                      
 747 UFIM9201 WTH IMMOKALEE, FLORIDA, U.S.A    26.390  -81.450    10 -99.0 -99.0 -99
 748 UFMA8301 WTH Marianna, Florida, USA        30.79   -85.25   40.  19.2   8.2 -99
 749 UFON9601 WTH Ona, Florida,USA             27.260  -82.550    10  20.9   7.5  2.
 750 UFON9701 WTH Ona, Florida,USA             27.260  -82.550    10  20.9   7.5  2.
 751 UFON9801 WTH Ona, Florida,USA             27.260  -82.550    10  20.9   7.5  2.
 752 UFON9911 WTH Ona, Florida, USA            27.398  -81.940   23.  22.1   5.8 -99
 753 UFQU7901 WTH QUINCY,FLORIDA,USA            30.60   -86.40   -99   -99   -99   -
 754 UFQU9501 WTH QUINCY, FLORIDA, U.S.A, P    30.500   85.50    10 -99.0 -99.0 -99.
 755 UHKN8901 WTH UHKN                          20.00   158.00                      
 756 UHKN8903 WTH UHKN                          20.00   158.00                      
 757 UHKN9001 WTH UHKN                          20.00   158.00                      
 758 UHKN9101 WTH UHKN                          20.00   158.00                      
 759 UINT1601 WTH Water Survey, University     40.098  -88.148   212    12    26   -
 760 UPIS9601 WTH Isabela, Puerto Rico         18.470  -67.070   131 -99.0 -99.0   1
 761 USON0701 WTH Ottana, Sardinia, USON       39.433    9.517   186  16.9   8.6 -99
 762 USON0801 WTH Ottana, Sardinia, USON       39.433    9.517   186  16.9   8.6 -99
 763 USOT0701 WTH Ottava, Sassari              40.779    8.493    81  15.7   6.6 -99
 764 USOT0801 WTH Ottava, Sassari              40.779    8.493    81  15.7   6.6 -99
 765 UYLE6601 WTH UYL0                        -34.000  -57.000    50 -99.0  -9.9  1.
 766 UYLE6701 WTH UYL0                        -34.000  -57.000    50 -99.0  -9.9  1.
 767 UYLE6801 WTH UYL0                        -34.000  -57.000    50 -99.0  -9.9  1.
 768 UYLE6901 WTH UYL0                        -34.000  -57.000    50 -99.0  -9.9  1.
 769 UYLE7001 WTH UYL0                        -34.000  -57.000    50 -99.0  -9.9  1.
 770 UYLE7101 WTH UYL0                        -34.000  -57.000    50 -99.0  -9.9  1.
 771 UYLE7201 WTH UYL0                        -34.000  -57.000    50 -99.0  -9.9  1.
 772 UYLE7301 WTH UYL0                        -34.000  -57.000    50 -99.0  -9.9  1.
 773 UYLE7401 WTH UYL0                        -34.000  -57.000    50 -99.0  -9.9  1.
 774 UYLE7501 WTH UYL0                        -34.000  -57.000    50 -99.0  -9.9  1.
 775 UYLE7601 WTH UYL0                        -34.000  -57.000    50 -99.0  -9.9  1.
 776 UYLE7701 WTH UYL0                        -34.000  -57.000    50 -99.0  -9.9  1.
 777 UYLE7801 WTH UYL0                        -34.000  -57.000    50 -99.0  -9.9  1.
 778 UYLE7901 WTH UYL0                        -34.000  -57.000    50 -99.0  -9.9  1.
 779 UYLE8001 WTH UYL0                        -34.000  -57.000    50 -99.0  -9.9  1.
 780 UYLE8101 WTH UYL0                        -34.000  -57.000    50 -99.0  -9.9  1.
 781 UYLE8201 WTH UYL0                        -34.000  -57.000    50 -99.0  -9.9  1.
 782 UYLE8301 WTH UYL0                        -34.000  -57.000    50 -99.0  -9.9  1.
 783 UYLE8401 WTH UYL0                        -34.000  -57.000    50 -99.0  -9.9  1.
 784 UYLE8501 WTH UYL0                        -34.000  -57.000    50 -99.0  -9.9  1.
 785 UYLE8601 WTH UYL0                        -34.000  -57.000    50 -99.0  -9.9  1.
 786 UYLE8701 WTH UYL0                        -34.000  -57.000    50 -99.0  -9.9  1.
 787 UYLE8801 WTH UYL0                        -34.000  -57.000    50 -99.0  -9.9  1.
 788 UYLE8901 WTH UYL0                        -34.000  -57.000    50 -99.0  -9.9  1.
 789 UYLE9001 WTH UYL0                        -34.000  -57.000    50 -99.0  -9.9  1.
 790 UYLE9101 WTH UYL0                        -34.000  -57.000    50 -99.0  -9.9  1.
 791 UYLE9201 WTH UYL0                        -34.000  -57.000    50 -99.0  -9.9  1.
 792 WABI5901 WTH De Bilt                      52.100    5.200    37  10.1   8.9   0
 793 WABI6001 WTH De Bilt                      52.100    5.200    37  10.1   8.9   0
 794 WABI6101 WTH De Bilt                      52.100    5.200    37  10.1   8.9   0
 795 WABI6201 WTH De Bilt                      52.100    5.200    37  10.1   8.9   0
 796 WABI6301 WTH De Bilt                      52.100    5.200    37  10.1   8.9   0
 797 WABI6401 WTH De Bilt                      52.100    5.200    37  10.1   8.9   0
 798 WABI6501 WTH De Bilt                      52.100    5.200    37  10.1   8.9   0
 799 WABI6601 WTH De Bilt                      52.100    5.200    37  10.1   8.9   0
 800 WABI6701 WTH De Bilt                      52.100    5.200    37  10.1   8.9   0
 801 WABI6801 WTH De Bilt                      52.100    5.200    37  10.1   8.9   0
 802 WABI6901 WTH De Bilt                      52.100    5.200    37  10.1   8.9   0
 803 WABI7001 WTH De Bilt                      52.100    5.200    37  10.1   8.9   0
 804 WABI7101 WTH De Bilt                      52.100    5.200    37  10.1   8.9   0
 805 WABI7201 WTH De Bilt                      52.100    5.200    37  10.1   8.9   0
 806 WABI7301 WTH De Bilt                      52.100    5.200    37  10.1   8.9   0
 807 WABI7401 WTH De Bilt                      52.100    5.200    37  10.1   8.9   0
 808 WABI7501 WTH De Bilt                      52.100    5.200    37  10.1   8.9   0
 809 WABI7601 WTH De Bilt                      52.100    5.200    37  10.1   8.9   0
 810 WABI7701 WTH De Bilt                      52.100    5.200    37  10.1   8.9   0
 811 WABI7801 WTH De Bilt                      52.100    5.200    37  10.1   8.9   0
 812 WABI7901 WTH De Bilt                      52.100    5.200    37  10.1   8.9   0
 813 WABI8001 WTH De Bilt                      52.100    5.200    37  10.1   8.9   0
 814 WABI8101 WTH De Bilt                      52.100    5.200    37  10.1   8.9   0
 815 WABI8201 WTH De Bilt                      52.100    5.200    37  10.1   8.9   0
 816 WABI8301 WTH De Bilt                      52.100    5.200    37  10.1   8.9   0
 817 WABI8401 WTH De Bilt                      52.100    5.200    37  10.1   8.9   0
 818 WABI8501 WTH De Bilt                      52.100    5.200    37  10.1   8.9   0
 819 WABI8601 WTH De Bilt                      52.100    5.200    37  10.1   8.9   0
 820 WABI8701 WTH De Bilt                      52.100    5.200    37  10.1   8.9   0
 821 WABI8801 WTH De Bilt                      52.100    5.200    37  10.1   8.9   0
